<!DOCTYPE html>
<html>
	<head>
        <meta http-equiv="content-type" content="text/html; charset=UTF-8" />
		<title>Unnamed project Test Execution Report</title>
        <script type="text/javascript" src="http://code.jquery.com/jquery-1.6.2.min.js"></script>
        <script type="text/javascript">
            /**
            * jQuery.fn.sortElements
            * --------------
            * #author James Padolsey (http://james.padolsey.com)
            * #version 0.11
            * #updated 18-MAR-2010
            * #url https://raw.github.com/jamespadolsey/jQuery-Plugins/master/sortElements/jquery.sortElements.js
            * --------------
            * #param Function comparator:
            *   Exactly the same behaviour as [1,2,3].sort(comparator)
            *   
            * #param Function getSortable
            *   A function that should return the element that is
            *   to be sorted. The comparator will run on the
            *   current collection, but you may want the actual
            *   resulting sort to occur on a parent or another
            *   associated element.
            *   
            *   E.g. $('td').sortElements(comparator, function(){
            *      return this.parentNode; 
            *   })
            *   
            *   The <td>'s parent (<tr>) will be sorted instead
            *   of the <td> itself.
            */
            jQuery.fn.sortElements = (function () {

                var sort = [].sort;

                return function (comparator, getSortable) {

                    getSortable = getSortable || function () { return this; };

                    var placements = this.map(function () {

                        var sortElement = getSortable.call(this),
                parentNode = sortElement.parentNode,

                        // Since the element itself will change position, we have
                        // to have some way of storing it's original position in
                        // the DOM. The easiest way is to have a 'flag' node:
                nextSibling = parentNode.insertBefore(
                    document.createTextNode(''),
                    sortElement.nextSibling
                );

                        return function () {

                            if (parentNode === this) {
                                throw new Error(
                        "You can't sort elements if any one is a descendant of another."
                    );
                            }

                            // Insert before flag:
                            parentNode.insertBefore(this, nextSibling);
                            // Remove flag:
                            parentNode.removeChild(nextSibling);

                        };

                    });

                    return sort.call(this, comparator).each(function (i) {
                        placements[i].call(getSortable.call(this));
                    });

                };

            })();
        </script>
        <script type="text/javascript">
            jQuery.fn.setBarSizes = (function () {
                return function (metricName, maxBarSize, min) {
                    var max = Math.max.apply(Math, $.makeArray($(this).map(function () { return Number($(this).attr('data-sr-' + metricName)); })));
                    var scale = 1.0;
                    while (max > 0.0 && max <= 10.0) {
                        scale = scale * 10.0;
                        max = max * 10.0;
                    }
                    max = (Math.ceil(max / 2) * 2) / scale;

                    this.each(function () {
                        var barAnchor = $(this).find('a');
                        var actual = $(this).attr('data-sr-' + metricName);
                        var newHeight = Math.max(Math.round(maxBarSize * (actual - min) / (max - min)), 2);
                        barAnchor.css({ height: newHeight });
                    });

                    var unit = "";
                    if (metricName.substr(metricName.length - 4, 4) === "time")
                        unit = "s";

                    $('#testview .scale-min-label').each(function () {
                        $(this).text(min.toString() + unit);
                    });
                    $('#testview .scale-max-label').each(function () {
                        $(this).text(max.toString() + unit);
                    });
                    var mid = max / 2;
                    $('#testview .scale-mid-label').each(function () {
                        $(this).text(mid.toString() + unit);
                    });
                };
            })();

            function getComparer(metricName, isDesc) {
                return function (a, b) {
                    var aNumber = Number($(a).attr('data-sr-' + metricName));
                    var bNumber = Number($(b).attr('data-sr-' + metricName));
                    var result = aNumber > bNumber ? 1 : (aNumber < bNumber ? -1 : 0);
                    if (isDesc)
                        result = -1 * result;

                    if (result == 0 && metricName != "order")
                        result = getComparer("order", false)(a, b);

                    return result;
                };
            }

            var currentSort = "";
            function doSort(allowToggleDesc) {
                var newSort = $("input[name='barSortOrder']:checked").val();
                if (allowToggleDesc && currentSort == newSort) {
                    $('#barSortDesc').click();
                    doSort(false);
                    return;
                }
                currentSort = newSort;
                $('#testview td.testview-item').sortElements(getComparer(newSort, $('#barSortDesc').is(':checked')));
            }


            function doSetHeights(allowSort) {
                var selectedMetric = $("input[name='barHeight']:checked").val();
                $('#testview td.testview-item').setBarSizes(selectedMetric, 60, 0.0);

                if (allowSort && currentSort != selectedMetric) {
                    var $radios = $("input[name='barSortOrder']");
                    $radios.filter('[value=' + selectedMetric + ']').attr('checked', true);
                    $("#barSortDesc").attr("checked", [true]);
                    doSort(false);
                }
            }

            $(document).ready(function () {
                $("input[name='barSortOrder']").click(function () { doSort(true); return true; });
                $("input[name='barSortDesc']").change(function () { doSort(false); });
                $("input[name='barHeight']").change(function () { doSetHeights(true); });

                doSort(false);
                doSetHeights(false);

                $("div.scrollable").css({ 'overflow': 'auto' });
            });
        </script>

        <style type="text/css">
            body 
            {
                color: #000000;
                font-family: Arial,Liberation Sans,DejaVu Sans,sans-serif;
                line-height: 130%;
            }
            h1 {
                font-family: Trebuchet MS,Liberation Sans,DejaVu Sans,sans-serif;
                font-size: 170%;
                font-weight: bold;
            }            
            h2 {
                font-family: Trebuchet MS,Liberation Sans,DejaVu Sans,sans-serif;
                font-size: 130%;
                font-weight: bold;
                margin-bottom: 5px;
            }            
            h3 {
                font-family: Trebuchet MS,Liberation Sans,DejaVu Sans,sans-serif;
                font-size: 120%;
                font-weight: bold;
                margin-bottom: 5px;
            }            
            a.bar
            {
                text-decoration: none;
                display: block;
                line-height: 1px;
            }
            .description
            {
                font-style: italic;
            }
            .log 
            {
                width: 600px;
                white-space: pre-wrap;
                display: block;
                margin: 0px;
            }
            .errorMessage 
            {
                width: 600px;
                color: Red;
                font-weight: bold;
            }
            .stackTrace 
            {
                width: 600px;
                white-space: pre-wrap;
                font-style: italic;
                color: Red;
                display: block;
            }
            table.testEvents
            {
                border: solid 1px #e8eef4;
                border-collapse: collapse;
            }
            table.testEvents td
            {
                vertical-align: top;
                padding: 5px;
                border: solid 1px #e8eef4;
            }
            table.testEvents th
            {
                padding: 6px 5px;
                text-align: left;
                background-color: #e8eef4;
                border: solid 1px #e8eef4;                
            }
            .comment
            {
                font-style: italic;
                font-size: smaller;
            }
            .startupBar
            {
                background-color: #EEEEEE;
                cursor: default;
            }
            
            .colorSucceeded
            {
                background-color: #90ED7B;
            }
            .colorIgnored
            {
                background-color: #FFFF85;
            }
            .colorPending
            {
                background-color: #D47BED;
            }
            .colorNothingToRun
            {
                background-color: #CCCCFF;
            }
            .colorSkipped
            {
                background-color: #CCCCFF;
            }
            .colorInconclusive
            {
                background-color: #7BEDED;
            }
            .colorCleanupFailed
            {
                background-color: #FFCCCC;
            }
            .colorRandomlyFailed
            {
                background-color: #EDB07B;
            }
            .colorFailed
            {
                background-color: #ED5F5F;
            }
            .colorInitializationFailed
            {
                background-color: #FF0000;
            }
            .colorFrameworkError
            {
                background-color: #FF0000;
            }
            ul.subNodeLinks
            {
                padding-left: 20px;
                margin: 0px;
            }
            ul.subNodeLinks li
            {
                list-style: none;
            }
            
            /* views general */
            div.scrollable
            {
                /*overflow: auto; - thsi has to be set from js, because of an IE9 bug */
            }
            div.viewbox
            {
                position: relative;
                border: 3px solid #e8eef4;
            }
            div.viewbox table
            {
                border: 0px;
            }
                        
            /* testview */
            #testview
            {
                padding-top: 23px;
            }
            
            table.testview-items td
            {
                vertical-align: bottom;
                padding: 0px 1px 0px 1px;
            }
            td.right-padding, td.left-padding
            {
                width: 25px;
                min-width: 25px;
            }
            table.testview-items a.bar
            {
                width: 5px;
            }
            table.testview-items tr.testview-items-row
            {
                height: 60px;
            }
            
            /* scale */
            table.vertical-scale 
            {
                position: absolute;
                top: 23px;
                left: 0px;
                width: 100%;
                z-index: -100;
            }
            table.vertical-scale td, tr.horizontal-scale td
            {
                font-size: 60%;
                line-height: normal;
            }
            table.vertical-scale tr.scale-max, table.vertical-scale tr.scale-mid 
            {
                height: 30px;
            }
            tr.horizontal-scale, table.vertical-scale tr.scale-min 
            {
                height: 12px;
            }
            
            td.scale-max-label, td.scale-mid-label, td.scale-min-label
            {
                border-top: solid 1px #E6E6E6;
                text-align: left;
                vertical-align: top;
            }
            td.scale-10-label
            {
                border-left: solid 1px #E6E6E6;
                text-align: left;
                vertical-align: bottom;
                padding-left: 1px;
            }
            tr.scale-mid td, tr.scale-min td, tr.scale-max td
            {
                border-top: solid 1px #E6E6E6;
            }
           
            
            /* bar-control */
            #bar-control
            {
                font-size: 60%;
                line-height: normal;
                position: absolute;
                right: 0px;
                top: 0px;
            }
            #bar-control label
            {
                font-weight: bold;
                vertical-align: middle;
            }
            #bar-control .option
            {
                vertical-align: middle;
                text-transform: lowercase;
            }
            #bar-control input[type="checkbox"]
            {
                padding: 0 2px 0 3px;
            }
            #bar-control input
            {
                vertical-align: top;
                height: 12px;
                margin: 0px;
                padding: 0px;
            }
            #bar-control div
            {
                float: right;
                margin: 3px 5px 3px 5px;
            }

            /* timeline view */
            #timelineview
            {
                padding-top: 5px;
            }
            table.timelineview a
            {
                height: 20px;
            }
            table.timelineview td
            {
                vertical-align: bottom;
                padding: 0px 1px 0px 0px;
                border: 0px;
            }
            tr.thread-items-row
            {
                height: 25px;
            }
            tr.thread-items-row td
            {
                vertical-align: bottom;
            }
            td.thread-label
            {
                padding: 0px 6px 0px 6px;
                text-align: right;
                line-height: 18px;
                vertical-align: bottom;
            }
            th.thread-label
            {
                padding: 3px 6px 0px 6px;
                line-height: 18px;
                text-align: left;
                vertical-align: bottom;
            }
        </style>
	</head>
	<body>
        <h1>Unnamed project Test Execution Report</h1>
        
    <ul>
        <li>Project: Unnamed project</li>
        <li>Configuration: </li>
        <li>Test Assemblies: C:\Projects\SeleniumC\XeroSeleniumTest\XeroAddBankAccountTest\Xero_SeleniumTest\bin\Debug\netcoreapp3.1\Xero_SeleniumTest.dll</li>
        <li>Start Time: 16/09/2020 2:58:51 PM</li>
        <li>Duration: 00:02:12.6797897</li>
        <li>Test Threads: 1</li>
    </ul>


        <h2>Result: 1 failed</h2>
        <table class="testEvents">
                <tr>
        <th colspan="2">Success rate</th>
        <th>Tests</th>
        <th>Succeeded</th>
        <th>Failed</th>
        <th>Pending</th>
        <th>Ignored</th>
        <th>Skipped</th>
    </tr>

                <td>
            0%
    </td>
    <td>
            <table class="timelineview" cellpadding="0" cellspacing="0">
        <tr>
    <td>
        <a class="bar colorFailed" 
           style="width: 199px;" 
           title="1 failed" 
                          href="#error_summary"
        ></a>
    </td>
        </tr>
    </table>

    </td>
    <td>1 (test executions: 3)</td>
    <td>0</td>
    <td>1</td>
    <td>0</td>
    <td>0</td>
    <td>0</td>

        </table>
        
        <h2>Test Timeline Summary</h2>

        <div id="timelineview" class="viewbox">
            <div class="scrollable">
                <table cellpadding="0" cellspacing="0">
                    <tr>
                        <th class="thread-label" colspan="2">thread</th>
                    </tr>
                        <tr class="thread-items-row">
                            <td class="thread-label" title="Machine: ASY-WIN10-75">#0</td>
                            <td colspan="1">
                                <table class="timelineview" cellpadding="0" cellspacing="0">
                                    <tr>

                                            <td>
        <a
            class="bar startupBar" 
            style="width: 3px;" 
                title="test thread startup" 
        >&nbsp;</a>
    </td>

    <td>
        <a
            class="bar colorFailed" 
            style="width: 3px;" 
                title="Add an ANZ Bank account inside my Xero Organisation (in AddNewBankAccount)" 
                href="#t685542928.0"
        >&nbsp;</a>
    </td>
    <td>
        <a
            class="bar colorFailed" 
            style="width: 5px;" 
                title="Add an ANZ Bank account inside my Xero Organisation (in AddNewBankAccount) retry #1" 
                href="#t685542928.1"
        >&nbsp;</a>
    </td>
    <td>
        <a
            class="bar colorFailed" 
            style="width: 6px;" 
                title="Add an ANZ Bank account inside my Xero Organisation (in AddNewBankAccount) retry #2" 
                href="#t685542928.2"
        >&nbsp;</a>
    </td>
                                    </tr>
                                </table>
                            </td>
                        </tr>
                    <tr class="horizontal-scale">
                        <td>&nbsp;</td>
                        <td class="scale-10-label">0s</td>
                    </tr>
                </table>
            </div>
        </div>

        
    <h2>Test Result View</h2>
    <div id="testview" class="viewbox">
        <div id="bar-control">
            <div id="bar-control-sort">
                <label>sort by:</label>
                <span class="option"><input type="radio" name="barSortOrder" value="exectime" />Time</span>
                <span class="option"><input type="radio" name="barSortOrder" value="acttime" />Act Time</span>
                <span class="option"><input type="radio" name="barSortOrder" value="order" />Execution</span>
                <span class="option"><input type="radio" name="barSortOrder" value="rescode" checked="checked" />Result</span>
                <span class="option"><input type="checkbox" name="barSortDesc" id="barSortDesc" checked="checked" />desc</span>
            </div>
            <div id="bar-control-heights">
                <label>heights:</label>
                <span class="option"><input type="radio" checked="checked" name="barHeight" value="exectime" />Time</span>
                <span class="option"><input type="radio" name="barHeight" value="acttime" />Act Time</span>
            </div>
        </div>
        <table class="vertical-scale" cellpadding="0" cellspacing="0">
            <tr class="scale-max">
                <td class="left-padding scale-max-label">&nbsp;</td>
                <td colspan="3">&nbsp;</td>
                <td class="right-padding">&nbsp;</td>
            </tr>
            <tr class="scale-mid">
                <td class="left-padding scale-mid-label">&nbsp;</td>
                <td colspan="3">&nbsp;</td>
                <td class="right-padding">&nbsp;</td>
            </tr>
            <tr class="scale-min">
                <td class="left-padding scale-min-label">&nbsp;</td>
                <td colspan="3">&nbsp;</td>
                <td class="right-padding">&nbsp;</td>
            </tr>
        </table>
        <div class="scrollable">
            <table class="testview-items" cellpadding="0" cellspacing="0">
                <tr class="testview-items-row">
                    <td class="left-padding">&nbsp;</td>
    <td class="testview-item" 
        data-sr-exectime="44.5172218" data-sr-rescode="540" data-sr-order="0" data-sr-acttime="0.04">
        <a
            class="bar colorFailed" 
            style="height: 60px;"
            title="Add an ANZ Bank account inside my Xero Organisation (in AddNewBankAccount)"
            href="#t685542928.0">&nbsp;</a>
    </td>
    <td class="testview-item" 
        data-sr-exectime="43.1772914" data-sr-rescode="540" data-sr-order="1" data-sr-acttime="0.017">
        <a
            class="bar colorFailed" 
            style="height: 58px;"
            title="Add an ANZ Bank account inside my Xero Organisation (in AddNewBankAccount) retry #1"
            href="#t685542928.1">&nbsp;</a>
    </td>
    <td class="testview-item" 
        data-sr-exectime="42.560714" data-sr-rescode="540" data-sr-order="2" data-sr-acttime="0.011">
        <a
            class="bar colorFailed" 
            style="height: 57px;"
            title="Add an ANZ Bank account inside my Xero Organisation (in AddNewBankAccount) retry #2"
            href="#t685542928.2">&nbsp;</a>
    </td>
                    <td class="right-padding">&nbsp;</td>
                </tr>
                <tr class="horizontal-scale">
                    <td class="left-padding">&nbsp;</td>
                    <td colspan="10">&nbsp;</td>
                </tr>
            </table>
        </div>
    </div>

        
        
    <h2>Feature Summary</h2>
    <table class="testEvents">
            <tr>
            <th>Feature</th>
        <th colspan="2">Success rate</th>
        <th>Tests</th>
        <th>Succeeded</th>
        <th>Failed</th>
        <th>Pending</th>
        <th>Ignored</th>
        <th>Skipped</th>
            <th>Duration</th>
    </tr>


            <tr>
                <td><a href="#f-928202084">AddNewBankAccount</a></td>
                    <td>
            0%
    </td>
    <td>
            <table class="timelineview" cellpadding="0" cellspacing="0">
        <tr>
    <td>
        <a class="bar colorFailed" 
           style="width: 599px;" 
           title="1 failed" 
                          href="#error_summary"
        ></a>
    </td>
        </tr>
    </table>

    </td>
    <td>1 (test executions: 3)</td>
    <td>0</td>
    <td>3</td>
    <td>0</td>
    <td>0</td>
    <td>0</td>
        <td>00:02:10.2552272</td>

            </tr>
    </table>


        <a name="error_summary" />
        <h2>Error Summary</h2>
        <table class="testEvents">
                <tr>
            <th>Test</th>
        <th colspan="2">Success rate</th>
        <th>Tests</th>
        <th>Succeeded</th>
        <th>Failed</th>
        <th>Pending</th>
        <th>Ignored</th>
        <th>Skipped</th>
    </tr>

                <tr>
                    <td>
                        <a href="#t685542928.0">Add an ANZ Bank account inside my Xero Organisation (in Xero_SeleniumTest, AddNewBankAccount)</a>
                            <a href="#t685542928.1">retry #1</a>
                            <a href="#t685542928.2">retry #2</a>
                    </td>
                        <td>
            0%
    </td>
    <td>
            <table class="timelineview" cellpadding="0" cellspacing="0">
        <tr>
    <td>
        <a class="bar colorFailed" 
           style="width: 599px;" 
           title="1 failed" 
                          href="#error_summary"
        ></a>
    </td>
        </tr>
    </table>

    </td>
    <td>1 (test executions: 3)</td>
    <td>0</td>
    <td>3</td>
    <td>0</td>
    <td>0</td>
    <td>0</td>

                </tr>
                <tr>
                    <td colspan="9" style="padding-left: 20px;"><div class="errorMessage">Error: Timed out after 30 seconds -&gt; Could not find element by: By.LinkText: https://go.xero.com/Bank/BankAccounts.aspx</div></td>
                </tr>
        </table>

        <h2>Scenario Summary</h2>
            <a name="f-928202084" />
            <h3>Feature: AddNewBankAccount</h3>
                <div class="description"><pre>	As a Xero User,
	In order to manage my business successfully,
	I want to be able to add an “ANZ (NZ)” bank account inside any Xero Organisation.</pre>
                </div>
            <table class="testEvents">
                    <tr>
            <th>Test</th>
        <th colspan="2">Success rate</th>
        <th>Tests</th>
        <th>Succeeded</th>
        <th>Failed</th>
        <th>Pending</th>
        <th>Ignored</th>
        <th>Skipped</th>
            <th>Duration</th>
    </tr>

                    <tr>
                        <td>
                                    <a href="#t685542928.0">Scenario: Add an ANZ Bank account inside my Xero Organisation</a>
            <a href="#t685542928.1">retry #1</a>
            <a href="#t685542928.2">retry #2</a>

                        </td>
                        
                            <td>
            0%
    </td>
    <td>
            <table class="timelineview" cellpadding="0" cellspacing="0">
        <tr>
    <td>
        <a class="bar colorFailed" 
           style="width: 599px;" 
           title="1 failed" 
                          href="#error_summary"
        ></a>
    </td>
        </tr>
    </table>

    </td>
    <td>1 (test executions: 3)</td>
    <td>0</td>
    <td>3</td>
    <td>0</td>
    <td>0</td>
    <td>0</td>
        <td>00:02:10.2552272</td>

                        
                    </tr>
            </table>

        <h2>Execution Details</h2>
            <a name="t685542928.0" />
            <h3>Scenario: Add an ANZ Bank account inside my Xero Organisation (in Xero_SeleniumTest, AddNewBankAccount)</h3>
                <div class="description">
                    tags: mytag
                </div>
            <ul>
                <li>Status: Failed</li>
                <li>Start time: 16/09/2020 2:58:53 PM</li>
                <li>Execution time (sec): 44.5172218</li>
                <li>Thread: #0</li>
                <li>Error: Timed out after 30 seconds -&gt; Could not find element by: By.LinkText: https://go.xero.com/Bank/BankAccounts.aspx</li>
            </ul>
            <table class="testEvents">
                <tr>
                    <th>Steps</th>
                    <th>Trace</th>
                    <th>Result</th>
                </tr>
                    <tr>
                        <td>
                            <pre class="log">Given I login as a Xero User</pre>
                        </td>
                        <td>
                            <!-- [TestArrange: Scenario - Add an ANZ Bank account inside my Xero Organisation] -->
                            <pre class="log">-&gt; warning: The step GivenILoginAsAXeroUser is obsolete because it is marked with ObsoleteAttribute but no custom message was provided.
Login as Xero User
done: XeroAddBankAccountSteps.GivenILoginAsAXeroUser() (7.9s)</pre>
                        </td>
                        <td>Succeeded in 7.94s</td>
                    </tr>
                    <tr>
                        <td>
                            <pre class="log">And I navigate to the Accounting, Bank Accounts page</pre>
                        </td>
                        <td>
                            <!-- [TestArrange: Scenario - Add an ANZ Bank account inside my Xero Organisation] -->
                            <pre class="log">-&gt; warning: The step GivenINavigateToTheAccountingBankAccountsPage is obsolete because it is marked with ObsoleteAttribute but no custom message was provided.
error: Timed out after 30 seconds</pre>
                                <div class="errorMessage">Timed out after 30 seconds -&gt; Could not find element by: By.LinkText: https://go.xero.com/Bank/BankAccounts.aspx</div>
                                <pre class="stackTrace">OpenQA.Selenium.WebDriverTimeoutException: Timed out after 30 seconds
 ---&gt; OpenQA.Selenium.NoSuchElementException: Could not find element by: By.LinkText: https://go.xero.com/Bank/BankAccounts.aspx
   at SeleniumExtras.PageObjects.DefaultElementLocator.LocateElement(IEnumerable`1 bys)
   at SeleniumExtras.PageObjects.WebElementProxy.get_Element()
   at SeleniumExtras.PageObjects.WebElementProxy.Invoke(MethodInfo targetMethod, Object[] args)
--- End of stack trace from previous location where exception was thrown ---
   at System.Reflection.DispatchProxyGenerator.Invoke(Object[] args)
   at generatedProxy_1.get_Displayed()
   at OpenQA.Selenium.Support.UI.ExpectedConditions.&lt;&gt;c__DisplayClass20_0.&lt;ElementToBeClickable&gt;b__0(IWebDriver driver)
   at OpenQA.Selenium.Support.UI.DefaultWait`1.Until[TResult](Func`2 condition)
   --- End of inner exception stack trace ---
   at OpenQA.Selenium.Support.UI.DefaultWait`1.ThrowTimeoutException(String exceptionMessage, Exception lastException)
   at OpenQA.Selenium.Support.UI.DefaultWait`1.Until[TResult](Func`2 condition)
   at Xero_SeleniumTest.ExplicitWait.WaitforElement(IWebElement element) in C:\Projects\SeleniumC\XeroSeleniumTest\XeroAddBankAccountTest\Xero_SeleniumTest\Selenium\ExplicitWait.cs:line 15
   at Xero_SeleniumTest.DashboardPage.NavigateToBankAccounts() in C:\Projects\SeleniumC\XeroSeleniumTest\XeroAddBankAccountTest\Xero_SeleniumTest\POM\DashboardPage.cs:line 28
   at Xero_SeleniumTest.Steps.XeroAddBankAccountSteps.GivenINavigateToTheAccountingBankAccountsPage() in C:\Projects\SeleniumC\XeroSeleniumTest\XeroAddBankAccountTest\Xero_SeleniumTest\Steps\XeroAddBankAccountSteps.cs:line 37
   at TechTalk.SpecFlow.Bindings.BindingInvoker.InvokeBinding(IBinding binding, IContextManager contextManager, Object[] arguments, ITestTracer testTracer, TimeSpan&amp; duration) in D:\a\1\s\TechTalk.SpecFlow\Bindings\BindingInvoker.cs:line 69
   at TechTalk.SpecFlow.Infrastructure.TestExecutionEngine.ExecuteStepMatch(BindingMatch match, Object[] arguments) in D:\a\1\s\TechTalk.SpecFlow\Infrastructure\TestExecutionEngine.cs:line 514
   at TechTalk.SpecRun.SpecFlowPlugin.Runtime.RunnerTestExecutionEngine.ExecuteStepMatch(BindingMatch match, Object[] arguments)
   at TechTalk.SpecFlow.Infrastructure.TestExecutionEngine.ExecuteStep(IContextManager contextManager, StepInstance stepInstance) in D:\a\1\s\TechTalk.SpecFlow\Infrastructure\TestExecutionEngine.cs:line 435
   at TechTalk.SpecFlow.Infrastructure.TestExecutionEngine.OnAfterLastStep() in D:\a\1\s\TechTalk.SpecFlow\Infrastructure\TestExecutionEngine.cs:line 260
   at TechTalk.SpecRun.SpecFlowPlugin.Runtime.RunnerTestExecutionEngine.OnAfterLastStep()
   at TechTalk.SpecFlow.TestRunner.CollectScenarioErrors() in D:\a\1\s\TechTalk.SpecFlow\TestRunner.cs:line 60
   at Xero_SeleniumTest.Features.AddNewBankAccountFeature.ScenarioCleanup()
   at Xero_SeleniumTest.Features.AddNewBankAccountFeature.AddAnANZBankAccountInsideMyXeroOrganisation() in C:\Projects\SeleniumC\XeroSeleniumTest\XeroAddBankAccountTest\Xero_SeleniumTest\Features\AddNewBankAccount.feature:line 20
   at TechTalk.SpecRun.Framework.TaskExecutors.StaticOrInstanceMethodExecutor.ExecuteInternal(ITestThreadExecutionContext testThreadExecutionContext)
   at TechTalk.SpecRun.Framework.TaskExecutors.StaticOrInstanceMethodExecutor.Execute(ITestThreadExecutionContext testThreadExecutionContext)
   at TechTalk.SpecRun.Framework.TestNodeTask.Execute()</pre>
                        </td>
                        <td>Failed in 36.339s</td>
                    </tr>
                    <tr>
                        <td>
                            <pre class="log">When I click Add bank account button</pre>
                        </td>
                        <td>
                            <!-- [TestAct: Scenario - Add an ANZ Bank account inside my Xero Organisation] -->
                            <pre class="log">skipped because of previous errors</pre>
                        </td>
                        <td>Skipped in 0.011s</td>
                    </tr>
                    <tr>
                        <td>
                            <pre class="log">When I select &lt;ANZ&gt; from the Banks list</pre>
                        </td>
                        <td>
                            <!-- [TestAct: Scenario - Add an ANZ Bank account inside my Xero Organisation] -->
                            <pre class="log">skipped because of previous errors</pre>
                        </td>
                        <td>Skipped in 0.009s</td>
                    </tr>
                    <tr>
                        <td>
                            <pre class="log">And I add my Account Name as &lt;MyAnzAcc&gt;</pre>
                        </td>
                        <td>
                            <!-- [TestAct: Scenario - Add an ANZ Bank account inside my Xero Organisation] -->
                            <pre class="log">skipped because of previous errors</pre>
                        </td>
                        <td>Skipped in 0.003s</td>
                    </tr>
                    <tr>
                        <td>
                            <pre class="log">And Account type as &lt;Credit Card&gt;</pre>
                        </td>
                        <td>
                            <!-- [TestAct: Scenario - Add an ANZ Bank account inside my Xero Organisation] -->
                            <pre class="log">skipped because of previous errors</pre>
                        </td>
                        <td>Skipped in 0.003s</td>
                    </tr>
                    <tr>
                        <td>
                            <pre class="log">And add my Credit Card Number as &lt;1234000011112222&gt;</pre>
                        </td>
                        <td>
                            <!-- [TestAct: Scenario - Add an ANZ Bank account inside my Xero Organisation] -->
                            <pre class="log">skipped because of previous errors</pre>
                        </td>
                        <td>Skipped in 0.003s</td>
                    </tr>
                    <tr>
                        <td>
                            <pre class="log">When I click the Continue button</pre>
                        </td>
                        <td>
                            <!-- [TestAct: Scenario - Add an ANZ Bank account inside my Xero Organisation] -->
                            <pre class="log">skipped because of previous errors</pre>
                        </td>
                        <td>Skipped in 0.003s</td>
                    </tr>
                    <tr>
                        <td>
                            <pre class="log">And I can Download a form for my Bank</pre>
                        </td>
                        <td>
                            <!-- [TestAct: Scenario - Add an ANZ Bank account inside my Xero Organisation] -->
                            <pre class="log">skipped because of previous errors</pre>
                        </td>
                        <td>Skipped in 0.003s</td>
                    </tr>
                    <tr>
                        <td>
                            <pre class="log">When I upload the form</pre>
                        </td>
                        <td>
                            <!-- [TestAct: Scenario - Add an ANZ Bank account inside my Xero Organisation] -->
                            <pre class="log">skipped because of previous errors</pre>
                        </td>
                        <td>Skipped in 0.003s</td>
                    </tr>
                    <tr>
                        <td>
                            <pre class="log">And Click return to Dashboard</pre>
                        </td>
                        <td>
                            <!-- [TestAct: Scenario - Add an ANZ Bank account inside my Xero Organisation] -->
                            <pre class="log">skipped because of previous errors</pre>
                        </td>
                        <td>Skipped in 0.003s</td>
                    </tr>
                    <tr>
                        <td>
                            <pre class="log">Then I can see my new bank account in my Xero Organisation</pre>
                        </td>
                        <td>
                            <!-- [TestAssert: Scenario - Add an ANZ Bank account inside my Xero Organisation] -->
                            <pre class="log">skipped because of previous errors</pre>
                        </td>
                        <td>Skipped in 0.041s</td>
                    </tr>
            </table>
            <a name="t685542928.1" />
            <h3>Scenario: Add an ANZ Bank account inside my Xero Organisation (in Xero_SeleniumTest, AddNewBankAccount) retry #1</h3>
                <div class="description">
                    tags: mytag
                </div>
            <ul>
                <li>Status: Failed</li>
                <li>Start time: 16/09/2020 2:59:37 PM</li>
                <li>Execution time (sec): 43.1772914</li>
                <li>Thread: #0</li>
                <li>Error: Timed out after 30 seconds -&gt; Could not find element by: By.LinkText: https://go.xero.com/Bank/BankAccounts.aspx</li>
            </ul>
            <table class="testEvents">
                <tr>
                    <th>Steps</th>
                    <th>Trace</th>
                    <th>Result</th>
                </tr>
                    <tr>
                        <td>
                            <pre class="log">Given I login as a Xero User</pre>
                        </td>
                        <td>
                            <!-- [TestArrange: Scenario - Add an ANZ Bank account inside my Xero Organisation] -->
                            <pre class="log">-&gt; warning: The step GivenILoginAsAXeroUser is obsolete because it is marked with ObsoleteAttribute but no custom message was provided.
Login as Xero User
done: XeroAddBankAccountSteps.GivenILoginAsAXeroUser() (8.2s)</pre>
                        </td>
                        <td>Succeeded in 8.231s</td>
                    </tr>
                    <tr>
                        <td>
                            <pre class="log">And I navigate to the Accounting, Bank Accounts page</pre>
                        </td>
                        <td>
                            <!-- [TestArrange: Scenario - Add an ANZ Bank account inside my Xero Organisation] -->
                            <pre class="log">-&gt; warning: The step GivenINavigateToTheAccountingBankAccountsPage is obsolete because it is marked with ObsoleteAttribute but no custom message was provided.
error: Timed out after 30 seconds</pre>
                                <div class="errorMessage">Timed out after 30 seconds -&gt; Could not find element by: By.LinkText: https://go.xero.com/Bank/BankAccounts.aspx</div>
                                <pre class="stackTrace">OpenQA.Selenium.WebDriverTimeoutException: Timed out after 30 seconds
 ---&gt; OpenQA.Selenium.NoSuchElementException: Could not find element by: By.LinkText: https://go.xero.com/Bank/BankAccounts.aspx
   at SeleniumExtras.PageObjects.DefaultElementLocator.LocateElement(IEnumerable`1 bys)
   at SeleniumExtras.PageObjects.WebElementProxy.get_Element()
   at SeleniumExtras.PageObjects.WebElementProxy.Invoke(MethodInfo targetMethod, Object[] args)
--- End of stack trace from previous location where exception was thrown ---
   at System.Reflection.DispatchProxyGenerator.Invoke(Object[] args)
   at generatedProxy_1.get_Displayed()
   at OpenQA.Selenium.Support.UI.ExpectedConditions.&lt;&gt;c__DisplayClass20_0.&lt;ElementToBeClickable&gt;b__0(IWebDriver driver)
   at OpenQA.Selenium.Support.UI.DefaultWait`1.Until[TResult](Func`2 condition)
   --- End of inner exception stack trace ---
   at OpenQA.Selenium.Support.UI.DefaultWait`1.ThrowTimeoutException(String exceptionMessage, Exception lastException)
   at OpenQA.Selenium.Support.UI.DefaultWait`1.Until[TResult](Func`2 condition)
   at Xero_SeleniumTest.ExplicitWait.WaitforElement(IWebElement element) in C:\Projects\SeleniumC\XeroSeleniumTest\XeroAddBankAccountTest\Xero_SeleniumTest\Selenium\ExplicitWait.cs:line 15
   at Xero_SeleniumTest.DashboardPage.NavigateToBankAccounts() in C:\Projects\SeleniumC\XeroSeleniumTest\XeroAddBankAccountTest\Xero_SeleniumTest\POM\DashboardPage.cs:line 28
   at Xero_SeleniumTest.Steps.XeroAddBankAccountSteps.GivenINavigateToTheAccountingBankAccountsPage() in C:\Projects\SeleniumC\XeroSeleniumTest\XeroAddBankAccountTest\Xero_SeleniumTest\Steps\XeroAddBankAccountSteps.cs:line 37
   at TechTalk.SpecFlow.Bindings.BindingInvoker.InvokeBinding(IBinding binding, IContextManager contextManager, Object[] arguments, ITestTracer testTracer, TimeSpan&amp; duration) in D:\a\1\s\TechTalk.SpecFlow\Bindings\BindingInvoker.cs:line 69
   at TechTalk.SpecFlow.Infrastructure.TestExecutionEngine.ExecuteStepMatch(BindingMatch match, Object[] arguments) in D:\a\1\s\TechTalk.SpecFlow\Infrastructure\TestExecutionEngine.cs:line 514
   at TechTalk.SpecRun.SpecFlowPlugin.Runtime.RunnerTestExecutionEngine.ExecuteStepMatch(BindingMatch match, Object[] arguments)
   at TechTalk.SpecFlow.Infrastructure.TestExecutionEngine.ExecuteStep(IContextManager contextManager, StepInstance stepInstance) in D:\a\1\s\TechTalk.SpecFlow\Infrastructure\TestExecutionEngine.cs:line 435
   at TechTalk.SpecFlow.Infrastructure.TestExecutionEngine.OnAfterLastStep() in D:\a\1\s\TechTalk.SpecFlow\Infrastructure\TestExecutionEngine.cs:line 260
   at TechTalk.SpecRun.SpecFlowPlugin.Runtime.RunnerTestExecutionEngine.OnAfterLastStep()
   at TechTalk.SpecFlow.TestRunner.CollectScenarioErrors() in D:\a\1\s\TechTalk.SpecFlow\TestRunner.cs:line 60
   at Xero_SeleniumTest.Features.AddNewBankAccountFeature.ScenarioCleanup()
   at Xero_SeleniumTest.Features.AddNewBankAccountFeature.AddAnANZBankAccountInsideMyXeroOrganisation() in C:\Projects\SeleniumC\XeroSeleniumTest\XeroAddBankAccountTest\Xero_SeleniumTest\Features\AddNewBankAccount.feature:line 20
   at TechTalk.SpecRun.Framework.TaskExecutors.StaticOrInstanceMethodExecutor.ExecuteInternal(ITestThreadExecutionContext testThreadExecutionContext)
   at TechTalk.SpecRun.Framework.TaskExecutors.StaticOrInstanceMethodExecutor.Execute(ITestThreadExecutionContext testThreadExecutionContext)
   at TechTalk.SpecRun.Framework.TestNodeTask.Execute()</pre>
                        </td>
                        <td>Failed in 34.914s</td>
                    </tr>
                    <tr>
                        <td>
                            <pre class="log">When I click Add bank account button</pre>
                        </td>
                        <td>
                            <!-- [TestAct: Scenario - Add an ANZ Bank account inside my Xero Organisation] -->
                            <pre class="log">skipped because of previous errors</pre>
                        </td>
                        <td>Skipped in 0.003s</td>
                    </tr>
                    <tr>
                        <td>
                            <pre class="log">When I select &lt;ANZ&gt; from the Banks list</pre>
                        </td>
                        <td>
                            <!-- [TestAct: Scenario - Add an ANZ Bank account inside my Xero Organisation] -->
                            <pre class="log">skipped because of previous errors</pre>
                        </td>
                        <td>Skipped in 0.003s</td>
                    </tr>
                    <tr>
                        <td>
                            <pre class="log">And I add my Account Name as &lt;MyAnzAcc&gt;</pre>
                        </td>
                        <td>
                            <!-- [TestAct: Scenario - Add an ANZ Bank account inside my Xero Organisation] -->
                            <pre class="log">skipped because of previous errors</pre>
                        </td>
                        <td>Skipped in 0.002s</td>
                    </tr>
                    <tr>
                        <td>
                            <pre class="log">And Account type as &lt;Credit Card&gt;</pre>
                        </td>
                        <td>
                            <!-- [TestAct: Scenario - Add an ANZ Bank account inside my Xero Organisation] -->
                            <pre class="log">skipped because of previous errors</pre>
                        </td>
                        <td>Skipped in 0.002s</td>
                    </tr>
                    <tr>
                        <td>
                            <pre class="log">And add my Credit Card Number as &lt;1234000011112222&gt;</pre>
                        </td>
                        <td>
                            <!-- [TestAct: Scenario - Add an ANZ Bank account inside my Xero Organisation] -->
                            <pre class="log">skipped because of previous errors</pre>
                        </td>
                        <td>Skipped in 0.002s</td>
                    </tr>
                    <tr>
                        <td>
                            <pre class="log">When I click the Continue button</pre>
                        </td>
                        <td>
                            <!-- [TestAct: Scenario - Add an ANZ Bank account inside my Xero Organisation] -->
                            <pre class="log">skipped because of previous errors</pre>
                        </td>
                        <td>Skipped in 0.002s</td>
                    </tr>
                    <tr>
                        <td>
                            <pre class="log">And I can Download a form for my Bank</pre>
                        </td>
                        <td>
                            <!-- [TestAct: Scenario - Add an ANZ Bank account inside my Xero Organisation] -->
                            <pre class="log">skipped because of previous errors</pre>
                        </td>
                        <td>Skipped in 0.002s</td>
                    </tr>
                    <tr>
                        <td>
                            <pre class="log">When I upload the form</pre>
                        </td>
                        <td>
                            <!-- [TestAct: Scenario - Add an ANZ Bank account inside my Xero Organisation] -->
                            <pre class="log">skipped because of previous errors</pre>
                        </td>
                        <td>Skipped in 0.002s</td>
                    </tr>
                    <tr>
                        <td>
                            <pre class="log">And Click return to Dashboard</pre>
                        </td>
                        <td>
                            <!-- [TestAct: Scenario - Add an ANZ Bank account inside my Xero Organisation] -->
                            <pre class="log">skipped because of previous errors</pre>
                        </td>
                        <td>Skipped in 0.001s</td>
                    </tr>
                    <tr>
                        <td>
                            <pre class="log">Then I can see my new bank account in my Xero Organisation</pre>
                        </td>
                        <td>
                            <!-- [TestAssert: Scenario - Add an ANZ Bank account inside my Xero Organisation] -->
                            <pre class="log">skipped because of previous errors</pre>
                        </td>
                        <td>Skipped in 0.003s</td>
                    </tr>
            </table>
            <a name="t685542928.2" />
            <h3>Scenario: Add an ANZ Bank account inside my Xero Organisation (in Xero_SeleniumTest, AddNewBankAccount) retry #2</h3>
                <div class="description">
                    tags: mytag
                </div>
            <ul>
                <li>Status: Failed</li>
                <li>Start time: 16/09/2020 3:00:21 PM</li>
                <li>Execution time (sec): 42.560714</li>
                <li>Thread: #0</li>
                <li>Error: Timed out after 30 seconds -&gt; Could not find element by: By.LinkText: https://go.xero.com/Bank/BankAccounts.aspx</li>
            </ul>
            <table class="testEvents">
                <tr>
                    <th>Steps</th>
                    <th>Trace</th>
                    <th>Result</th>
                </tr>
                    <tr>
                        <td>
                            <pre class="log">Given I login as a Xero User</pre>
                        </td>
                        <td>
                            <!-- [TestArrange: Scenario - Add an ANZ Bank account inside my Xero Organisation] -->
                            <pre class="log">-&gt; warning: The step GivenILoginAsAXeroUser is obsolete because it is marked with ObsoleteAttribute but no custom message was provided.
Login as Xero User
done: XeroAddBankAccountSteps.GivenILoginAsAXeroUser() (7.5s)</pre>
                        </td>
                        <td>Succeeded in 7.501s</td>
                    </tr>
                    <tr>
                        <td>
                            <pre class="log">And I navigate to the Accounting, Bank Accounts page</pre>
                        </td>
                        <td>
                            <!-- [TestArrange: Scenario - Add an ANZ Bank account inside my Xero Organisation] -->
                            <pre class="log">-&gt; warning: The step GivenINavigateToTheAccountingBankAccountsPage is obsolete because it is marked with ObsoleteAttribute but no custom message was provided.
error: Timed out after 30 seconds</pre>
                                <div class="errorMessage">Timed out after 30 seconds -&gt; Could not find element by: By.LinkText: https://go.xero.com/Bank/BankAccounts.aspx</div>
                                <pre class="stackTrace">OpenQA.Selenium.WebDriverTimeoutException: Timed out after 30 seconds
 ---&gt; OpenQA.Selenium.NoSuchElementException: Could not find element by: By.LinkText: https://go.xero.com/Bank/BankAccounts.aspx
   at SeleniumExtras.PageObjects.DefaultElementLocator.LocateElement(IEnumerable`1 bys)
   at SeleniumExtras.PageObjects.WebElementProxy.get_Element()
   at SeleniumExtras.PageObjects.WebElementProxy.Invoke(MethodInfo targetMethod, Object[] args)
--- End of stack trace from previous location where exception was thrown ---
   at System.Reflection.DispatchProxyGenerator.Invoke(Object[] args)
   at generatedProxy_1.get_Displayed()
   at OpenQA.Selenium.Support.UI.ExpectedConditions.&lt;&gt;c__DisplayClass20_0.&lt;ElementToBeClickable&gt;b__0(IWebDriver driver)
   at OpenQA.Selenium.Support.UI.DefaultWait`1.Until[TResult](Func`2 condition)
   --- End of inner exception stack trace ---
   at OpenQA.Selenium.Support.UI.DefaultWait`1.ThrowTimeoutException(String exceptionMessage, Exception lastException)
   at OpenQA.Selenium.Support.UI.DefaultWait`1.Until[TResult](Func`2 condition)
   at Xero_SeleniumTest.ExplicitWait.WaitforElement(IWebElement element) in C:\Projects\SeleniumC\XeroSeleniumTest\XeroAddBankAccountTest\Xero_SeleniumTest\Selenium\ExplicitWait.cs:line 15
   at Xero_SeleniumTest.DashboardPage.NavigateToBankAccounts() in C:\Projects\SeleniumC\XeroSeleniumTest\XeroAddBankAccountTest\Xero_SeleniumTest\POM\DashboardPage.cs:line 28
   at Xero_SeleniumTest.Steps.XeroAddBankAccountSteps.GivenINavigateToTheAccountingBankAccountsPage() in C:\Projects\SeleniumC\XeroSeleniumTest\XeroAddBankAccountTest\Xero_SeleniumTest\Steps\XeroAddBankAccountSteps.cs:line 37
   at TechTalk.SpecFlow.Bindings.BindingInvoker.InvokeBinding(IBinding binding, IContextManager contextManager, Object[] arguments, ITestTracer testTracer, TimeSpan&amp; duration) in D:\a\1\s\TechTalk.SpecFlow\Bindings\BindingInvoker.cs:line 69
   at TechTalk.SpecFlow.Infrastructure.TestExecutionEngine.ExecuteStepMatch(BindingMatch match, Object[] arguments) in D:\a\1\s\TechTalk.SpecFlow\Infrastructure\TestExecutionEngine.cs:line 514
   at TechTalk.SpecRun.SpecFlowPlugin.Runtime.RunnerTestExecutionEngine.ExecuteStepMatch(BindingMatch match, Object[] arguments)
   at TechTalk.SpecFlow.Infrastructure.TestExecutionEngine.ExecuteStep(IContextManager contextManager, StepInstance stepInstance) in D:\a\1\s\TechTalk.SpecFlow\Infrastructure\TestExecutionEngine.cs:line 435
   at TechTalk.SpecFlow.Infrastructure.TestExecutionEngine.OnAfterLastStep() in D:\a\1\s\TechTalk.SpecFlow\Infrastructure\TestExecutionEngine.cs:line 260
   at TechTalk.SpecRun.SpecFlowPlugin.Runtime.RunnerTestExecutionEngine.OnAfterLastStep()
   at TechTalk.SpecFlow.TestRunner.CollectScenarioErrors() in D:\a\1\s\TechTalk.SpecFlow\TestRunner.cs:line 60
   at Xero_SeleniumTest.Features.AddNewBankAccountFeature.ScenarioCleanup()
   at Xero_SeleniumTest.Features.AddNewBankAccountFeature.AddAnANZBankAccountInsideMyXeroOrganisation() in C:\Projects\SeleniumC\XeroSeleniumTest\XeroAddBankAccountTest\Xero_SeleniumTest\Features\AddNewBankAccount.feature:line 20
   at TechTalk.SpecRun.Framework.TaskExecutors.StaticOrInstanceMethodExecutor.ExecuteInternal(ITestThreadExecutionContext testThreadExecutionContext)
   at TechTalk.SpecRun.Framework.TaskExecutors.StaticOrInstanceMethodExecutor.Execute(ITestThreadExecutionContext testThreadExecutionContext)
   at TechTalk.SpecRun.Framework.TestNodeTask.Execute()</pre>
                        </td>
                        <td>Failed in 35.039s</td>
                    </tr>
                    <tr>
                        <td>
                            <pre class="log">When I click Add bank account button</pre>
                        </td>
                        <td>
                            <!-- [TestAct: Scenario - Add an ANZ Bank account inside my Xero Organisation] -->
                            <pre class="log">skipped because of previous errors</pre>
                        </td>
                        <td>Skipped in 0.001s</td>
                    </tr>
                    <tr>
                        <td>
                            <pre class="log">When I select &lt;ANZ&gt; from the Banks list</pre>
                        </td>
                        <td>
                            <!-- [TestAct: Scenario - Add an ANZ Bank account inside my Xero Organisation] -->
                            <pre class="log">skipped because of previous errors</pre>
                        </td>
                        <td>Skipped in 0.001s</td>
                    </tr>
                    <tr>
                        <td>
                            <pre class="log">And I add my Account Name as &lt;MyAnzAcc&gt;</pre>
                        </td>
                        <td>
                            <!-- [TestAct: Scenario - Add an ANZ Bank account inside my Xero Organisation] -->
                            <pre class="log">skipped because of previous errors</pre>
                        </td>
                        <td>Skipped in 0.001s</td>
                    </tr>
                    <tr>
                        <td>
                            <pre class="log">And Account type as &lt;Credit Card&gt;</pre>
                        </td>
                        <td>
                            <!-- [TestAct: Scenario - Add an ANZ Bank account inside my Xero Organisation] -->
                            <pre class="log">skipped because of previous errors</pre>
                        </td>
                        <td>Skipped in 0.001s</td>
                    </tr>
                    <tr>
                        <td>
                            <pre class="log">And add my Credit Card Number as &lt;1234000011112222&gt;</pre>
                        </td>
                        <td>
                            <!-- [TestAct: Scenario - Add an ANZ Bank account inside my Xero Organisation] -->
                            <pre class="log">skipped because of previous errors</pre>
                        </td>
                        <td>Skipped in 0.001s</td>
                    </tr>
                    <tr>
                        <td>
                            <pre class="log">When I click the Continue button</pre>
                        </td>
                        <td>
                            <!-- [TestAct: Scenario - Add an ANZ Bank account inside my Xero Organisation] -->
                            <pre class="log">skipped because of previous errors</pre>
                        </td>
                        <td>Skipped in 0.001s</td>
                    </tr>
                    <tr>
                        <td>
                            <pre class="log">And I can Download a form for my Bank</pre>
                        </td>
                        <td>
                            <!-- [TestAct: Scenario - Add an ANZ Bank account inside my Xero Organisation] -->
                            <pre class="log">skipped because of previous errors</pre>
                        </td>
                        <td>Skipped in 0.001s</td>
                    </tr>
                    <tr>
                        <td>
                            <pre class="log">When I upload the form</pre>
                        </td>
                        <td>
                            <!-- [TestAct: Scenario - Add an ANZ Bank account inside my Xero Organisation] -->
                            <pre class="log">skipped because of previous errors</pre>
                        </td>
                        <td>Skipped in 0.001s</td>
                    </tr>
                    <tr>
                        <td>
                            <pre class="log">And Click return to Dashboard</pre>
                        </td>
                        <td>
                            <!-- [TestAct: Scenario - Add an ANZ Bank account inside my Xero Organisation] -->
                            <pre class="log">skipped because of previous errors</pre>
                        </td>
                        <td>Skipped in 0.001s</td>
                    </tr>
                    <tr>
                        <td>
                            <pre class="log">Then I can see my new bank account in my Xero Organisation</pre>
                        </td>
                        <td>
                            <!-- [TestAssert: Scenario - Add an ANZ Bank account inside my Xero Organisation] -->
                            <pre class="log">skipped because of previous errors</pre>
                        </td>
                        <td>Skipped in 0.002s</td>
                    </tr>
            </table>
	</body>
</html>